Traceback (most recent call last):
  File "/home/anthe/software/miniconda3/envs/test/lib/python3.13/site-packages/jupyter_core/utils/__init__.py", line 154, in wrapped
    asyncio.get_running_loop()
    ~~~~~~~~~~~~~~~~~~~~~~~~^^
RuntimeError: no running event loop

During handling of the above exception, another exception occurred:

Traceback (most recent call last):
  File "/home/anthe/software/miniconda3/envs/test/lib/python3.13/site-packages/jupyter_cache/executors/utils.py", line 58, in single_nb_execution
    executenb(
    ~~~~~~~~~^
        nb,
        ^^^
    ...<4 lines>...
        **kwargs,
        ^^^^^^^^^
    )
    ^
  File "/home/anthe/software/miniconda3/envs/test/lib/python3.13/site-packages/nbclient/client.py", line 1319, in execute
    return NotebookClient(nb=nb, resources=resources, km=km, **kwargs).execute()
           ~~~~~~~~~~~~~~~~~~~~~~~~~~~~~~~~~~~~~~~~~~~~~~~~~~~~~~~~~~~~~~~~~~~^^
  File "/home/anthe/software/miniconda3/envs/test/lib/python3.13/site-packages/jupyter_core/utils/__init__.py", line 158, in wrapped
    return loop.run_until_complete(inner)
           ~~~~~~~~~~~~~~~~~~~~~~~^^^^^^^
  File "/home/anthe/software/miniconda3/envs/test/lib/python3.13/asyncio/base_events.py", line 725, in run_until_complete
    return future.result()
           ~~~~~~~~~~~~~^^
  File "/home/anthe/software/miniconda3/envs/test/lib/python3.13/site-packages/nbclient/client.py", line 709, in async_execute
    await self.async_execute_cell(
        cell, index, execution_count=self.code_cells_executed + 1
    )
  File "/home/anthe/software/miniconda3/envs/test/lib/python3.13/site-packages/nbclient/client.py", line 1062, in async_execute_cell
    await self._check_raise_for_error(cell, cell_index, exec_reply)
  File "/home/anthe/software/miniconda3/envs/test/lib/python3.13/site-packages/nbclient/client.py", line 918, in _check_raise_for_error
    raise CellExecutionError.from_cell_and_msg(cell, exec_reply_content)
nbclient.exceptions.CellExecutionError: An error occurred while executing the following cell:
------------------
AntADatabase/
â”œâ”€â”€ AntADatabase.db
â”œâ”€â”€ database_index.csv #List of directories to index: Author_YYYY,Author et al. YYYY,doi
â”œâ”€â”€ Author_YYYY
    â”œâ”€â”€ IRH_ages.tab #IRH file names without .ext followed by there respective age in years
    â”œâ”€â”€ original_new_column_names.csv #first row: names of columns to keep from raw files, second row: how the columns should be renamed
    â”œâ”€â”€ raw/
    â””â”€â”€ pkl/
------------------


  [36mCell[39m[36m [39m[32mIn[2][39m[32m, line 2[39m
[31m    [39m[31mâ”œâ”€â”€ AntADatabase.db[39m
    ^
[31mSyntaxError[39m[31m:[39m invalid character 'â”œ' (U+251C)


